[debug] [2023-03-31T00:08:57.859Z] ----------------------------------------------------------------------
[debug] [2023-03-31T00:08:57.861Z] Command:       C:\Users\adity\DOWNLO~1\firebase-tools-instant-win.exe C:\Users\adity\.cache\firebase\tools\lib\node_modules\firebase-tools\lib\bin\firebase init hosting
[debug] [2023-03-31T00:08:57.861Z] CLI Version:   11.25.1
[debug] [2023-03-31T00:08:57.861Z] Platform:      win32
[debug] [2023-03-31T00:08:57.861Z] Node Version:  v16.16.0
[debug] [2023-03-31T00:08:57.862Z] Time:          Thu Mar 30 2023 20:08:57 GMT-0400 (Eastern Daylight Time)
[debug] [2023-03-31T00:08:57.863Z] ----------------------------------------------------------------------
[debug] 
[debug] [2023-03-31T00:08:57.940Z] > command requires scopes: ["email","openid","https://www.googleapis.com/auth/cloudplatformprojects.readonly","https://www.googleapis.com/auth/firebase","https://www.googleapis.com/auth/cloud-platform"]
[debug] [2023-03-31T00:08:57.941Z] > authorizing via signed-in user (adityasen120@gmail.com)
[info] 
     ######## #### ########  ######## ########     ###     ######  ########
     ##        ##  ##     ## ##       ##     ##  ##   ##  ##       ##
     ######    ##  ########  ######   ########  #########  ######  ######
     ##        ##  ##    ##  ##       ##     ## ##     ##       ## ##
     ##       #### ##     ## ######## ########  ##     ##  ######  ########

You're about to initialize a Firebase project in this directory:

  C:\Users\adity\Downloads\Web Development\robotic-arm-webapp\frontend-next

Before we get started, keep in mind:

  * You are initializing within an existing Firebase project directory

[info] 
=== Project Setup
[info] 
[info] First, let's associate this project directory with a Firebase project.
[info] You can create multiple project aliases by running firebase use --add, 
[info] but for now we'll just set up a default project.
[info] 
[debug] [2023-03-31T00:09:00.086Z] Using project from CLI flag: robotic-arm-app
[debug] [2023-03-31T00:09:00.088Z] >>> [apiv2][query] GET https://firebase.googleapis.com/v1beta1/projects/robotic-arm-app [none]
[debug] [2023-03-31T00:09:00.440Z] <<< [apiv2][status] GET https://firebase.googleapis.com/v1beta1/projects/robotic-arm-app 200
[debug] [2023-03-31T00:09:00.440Z] <<< [apiv2][body] GET https://firebase.googleapis.com/v1beta1/projects/robotic-arm-app {"projectId":"robotic-arm-app","projectNumber":"361605004961","displayName":"robotic-arm-app","name":"projects/robotic-arm-app","resources":{"hostingSite":"robotic-arm-app"},"state":"ACTIVE","etag":"1_74fe3c19-8f42-4eee-a98f-d5b95db9609c"}
[info] i  Using project robotic-arm-app (robotic-arm-app) 
[info] 
=== Hosting Setup
[debug] [2023-03-31T00:09:34.288Z] ----------------------------------------------------------------------
[debug] [2023-03-31T00:09:34.290Z] Command:       C:\Users\adity\DOWNLO~1\firebase-tools-instant-win.exe C:\Users\adity\.cache\firebase\tools\lib\node_modules\firebase-tools\lib\bin\firebase deploy
[debug] [2023-03-31T00:09:34.290Z] CLI Version:   11.25.1
[debug] [2023-03-31T00:09:34.290Z] Platform:      win32
[debug] [2023-03-31T00:09:34.291Z] Node Version:  v16.16.0
[debug] [2023-03-31T00:09:34.292Z] Time:          Thu Mar 30 2023 20:09:34 GMT-0400 (Eastern Daylight Time)
[debug] [2023-03-31T00:09:34.292Z] ----------------------------------------------------------------------
[debug] 
[debug] [2023-03-31T00:09:34.364Z] > command requires scopes: ["email","openid","https://www.googleapis.com/auth/cloudplatformprojects.readonly","https://www.googleapis.com/auth/firebase","https://www.googleapis.com/auth/cloud-platform"]
[debug] [2023-03-31T00:09:34.365Z] > authorizing via signed-in user (adityasen120@gmail.com)
[debug] [2023-03-31T00:09:34.365Z] [iam] checking project robotic-arm-app for permissions ["firebase.projects.get","firebasehosting.sites.update"]
[debug] [2023-03-31T00:09:34.367Z] >>> [apiv2][query] POST https://cloudresourcemanager.googleapis.com/v1/projects/robotic-arm-app:testIamPermissions [none]
[debug] [2023-03-31T00:09:34.367Z] >>> [apiv2][(partial)header] POST https://cloudresourcemanager.googleapis.com/v1/projects/robotic-arm-app:testIamPermissions x-goog-quota-user=projects/robotic-arm-app
[debug] [2023-03-31T00:09:34.367Z] >>> [apiv2][body] POST https://cloudresourcemanager.googleapis.com/v1/projects/robotic-arm-app:testIamPermissions {"permissions":["firebase.projects.get","firebasehosting.sites.update"]}
[debug] [2023-03-31T00:09:34.771Z] <<< [apiv2][status] POST https://cloudresourcemanager.googleapis.com/v1/projects/robotic-arm-app:testIamPermissions 200
[debug] [2023-03-31T00:09:34.771Z] <<< [apiv2][body] POST https://cloudresourcemanager.googleapis.com/v1/projects/robotic-arm-app:testIamPermissions {"permissions":["firebase.projects.get","firebasehosting.sites.update"]}
[debug] [2023-03-31T00:09:34.772Z] >>> [apiv2][query] GET https://firebase.googleapis.com/v1beta1/projects/robotic-arm-app [none]
[debug] [2023-03-31T00:09:35.108Z] <<< [apiv2][status] GET https://firebase.googleapis.com/v1beta1/projects/robotic-arm-app 200
[debug] [2023-03-31T00:09:35.109Z] <<< [apiv2][body] GET https://firebase.googleapis.com/v1beta1/projects/robotic-arm-app {"projectId":"robotic-arm-app","projectNumber":"361605004961","displayName":"robotic-arm-app","name":"projects/robotic-arm-app","resources":{"hostingSite":"robotic-arm-app"},"state":"ACTIVE","etag":"1_74fe3c19-8f42-4eee-a98f-d5b95db9609c"}
[info] 
[info] === Deploying to 'robotic-arm-app'...
[info] 
[info] i  deploying functions, hosting 
[debug] [2023-03-31T00:10:12.123Z] >>> [apiv2][query] GET https://firebase.googleapis.com/v1beta1/projects/robotic-arm-app [none]
[debug] [2023-03-31T00:10:12.458Z] <<< [apiv2][status] GET https://firebase.googleapis.com/v1beta1/projects/robotic-arm-app 200
[debug] [2023-03-31T00:10:12.458Z] <<< [apiv2][body] GET https://firebase.googleapis.com/v1beta1/projects/robotic-arm-app {"projectId":"robotic-arm-app","projectNumber":"361605004961","displayName":"robotic-arm-app","name":"projects/robotic-arm-app","resources":{"hostingSite":"robotic-arm-app"},"state":"ACTIVE","etag":"1_74fe3c19-8f42-4eee-a98f-d5b95db9609c"}
[info] i  functions: preparing codebase firebase-frameworks-robotic-arm-app for deployment 
[info] i  functions: ensuring required API cloudfunctions.googleapis.com is enabled... 
[info] i  functions: ensuring required API cloudbuild.googleapis.com is enabled... 
[info] i  artifactregistry: ensuring required API artifactregistry.googleapis.com is enabled... 
[debug] [2023-03-31T00:10:12.460Z] >>> [apiv2][query] GET https://serviceusage.googleapis.com/v1/projects/robotic-arm-app/services/cloudfunctions.googleapis.com [none]
[debug] [2023-03-31T00:10:12.460Z] >>> [apiv2][(partial)header] GET https://serviceusage.googleapis.com/v1/projects/robotic-arm-app/services/cloudfunctions.googleapis.com x-goog-quota-user=projects/robotic-arm-app
[debug] [2023-03-31T00:10:12.461Z] >>> [apiv2][query] GET https://serviceusage.googleapis.com/v1/projects/robotic-arm-app/services/runtimeconfig.googleapis.com [none]
[debug] [2023-03-31T00:10:12.461Z] >>> [apiv2][(partial)header] GET https://serviceusage.googleapis.com/v1/projects/robotic-arm-app/services/runtimeconfig.googleapis.com x-goog-quota-user=projects/robotic-arm-app
[debug] [2023-03-31T00:10:12.462Z] >>> [apiv2][query] GET https://serviceusage.googleapis.com/v1/projects/robotic-arm-app/services/cloudbuild.googleapis.com [none]
[debug] [2023-03-31T00:10:12.462Z] >>> [apiv2][(partial)header] GET https://serviceusage.googleapis.com/v1/projects/robotic-arm-app/services/cloudbuild.googleapis.com x-goog-quota-user=projects/robotic-arm-app
[debug] [2023-03-31T00:10:12.463Z] >>> [apiv2][query] GET https://serviceusage.googleapis.com/v1/projects/robotic-arm-app/services/artifactregistry.googleapis.com [none]
[debug] [2023-03-31T00:10:12.463Z] >>> [apiv2][(partial)header] GET https://serviceusage.googleapis.com/v1/projects/robotic-arm-app/services/artifactregistry.googleapis.com x-goog-quota-user=projects/robotic-arm-app
[debug] [2023-03-31T00:10:12.988Z] <<< [apiv2][status] GET https://serviceusage.googleapis.com/v1/projects/robotic-arm-app/services/runtimeconfig.googleapis.com 200
[debug] [2023-03-31T00:10:12.988Z] <<< [apiv2][body] GET https://serviceusage.googleapis.com/v1/projects/robotic-arm-app/services/runtimeconfig.googleapis.com [omitted]
[debug] [2023-03-31T00:10:12.989Z] <<< [apiv2][status] GET https://serviceusage.googleapis.com/v1/projects/robotic-arm-app/services/cloudfunctions.googleapis.com 200
[debug] [2023-03-31T00:10:12.989Z] <<< [apiv2][body] GET https://serviceusage.googleapis.com/v1/projects/robotic-arm-app/services/cloudfunctions.googleapis.com [omitted]
[info] +  functions: required API cloudfunctions.googleapis.com is enabled 
[debug] [2023-03-31T00:10:13.006Z] <<< [apiv2][status] GET https://serviceusage.googleapis.com/v1/projects/robotic-arm-app/services/artifactregistry.googleapis.com 200
[debug] [2023-03-31T00:10:13.006Z] <<< [apiv2][body] GET https://serviceusage.googleapis.com/v1/projects/robotic-arm-app/services/artifactregistry.googleapis.com [omitted]
[info] +  artifactregistry: required API artifactregistry.googleapis.com is enabled 
[debug] [2023-03-31T00:10:13.010Z] <<< [apiv2][status] GET https://serviceusage.googleapis.com/v1/projects/robotic-arm-app/services/cloudbuild.googleapis.com 200
[debug] [2023-03-31T00:10:13.010Z] <<< [apiv2][body] GET https://serviceusage.googleapis.com/v1/projects/robotic-arm-app/services/cloudbuild.googleapis.com [omitted]
[info] +  functions: required API cloudbuild.googleapis.com is enabled 
[debug] [2023-03-31T00:10:13.010Z] >>> [apiv2][query] GET https://firebase.googleapis.com/v1beta1/projects/robotic-arm-app/adminSdkConfig [none]
[debug] [2023-03-31T00:10:13.270Z] <<< [apiv2][status] GET https://firebase.googleapis.com/v1beta1/projects/robotic-arm-app/adminSdkConfig 200
[debug] [2023-03-31T00:10:13.270Z] <<< [apiv2][body] GET https://firebase.googleapis.com/v1beta1/projects/robotic-arm-app/adminSdkConfig {"projectId":"robotic-arm-app","storageBucket":"robotic-arm-app.appspot.com"}
[debug] [2023-03-31T00:10:13.271Z] >>> [apiv2][query] GET https://runtimeconfig.googleapis.com/v1beta1/projects/robotic-arm-app/configs [none]
[debug] [2023-03-31T00:10:13.544Z] <<< [apiv2][status] GET https://runtimeconfig.googleapis.com/v1beta1/projects/robotic-arm-app/configs 200
[debug] [2023-03-31T00:10:13.545Z] <<< [apiv2][body] GET https://runtimeconfig.googleapis.com/v1beta1/projects/robotic-arm-app/configs {}
[debug] [2023-03-31T00:10:13.547Z] Validating nodejs source
[warn] !  functions: package.json indicates an outdated version of firebase-functions. Please upgrade using npm install --save firebase-functions@latest in your functions directory. 
[warn] !  functions: Please note that there will be breaking changes when you upgrade. 
[debug] [2023-03-31T00:10:14.423Z] > [functions] package.json contents: {
  "name": "frontend-next",
  "version": "0.1.0",
  "private": true,
  "scripts": {
    "dev": "next dev",
    "build": "next build",
    "start": "next start",
    "lint": "next lint"
  },
  "dependencies": {
    "@types/node": "18.15.10",
    "@types/react": "18.0.29",
    "@types/react-dom": "18.0.11",
    "eslint": "8.36.0",
    "eslint-config-next": "13.2.4",
    "next": "13.2.4",
    "react": "18.2.0",
    "react-dom": "18.2.0",
    "typescript": "5.0.2",
    "sharp": "latest",
    "firebase-frameworks": "^0.6.0",
    "firebase-functions": "^3.23.0",
    "firebase-admin": "^11.0.1"
  },
  "main": "server.js",
  "engines": {
    "node": "16"
  }
}
[debug] [2023-03-31T00:10:14.423Z] Building nodejs source
[debug] [2023-03-31T00:10:14.424Z] Could not find functions.yaml. Must use http discovery
[debug] [2023-03-31T00:10:14.432Z] Found firebase-functions binary at 'C:\Users\adity\Downloads\Web Development\robotic-arm-webapp\frontend-next\.firebase\robotic-arm-app\functions\node_modules\.bin\firebase-functions'
[debug] [2023-03-31T00:10:15.041Z] Serving at port 8369

[debug] [2023-03-31T00:10:15.108Z] Got response from /__/functions.yaml {"endpoints":{"ssrroboticarmapp":{"platform":"gcfv2","region":["us-west1"],"labels":{},"httpsTrigger":{},"entryPoint":"ssrroboticarmapp"}},"specVersion":"v1alpha1","requiredAPIs":[]}
[debug] [2023-03-31T00:10:15.115Z] shutdown requested via /__/quitquitquit

[info] i  functions: Loaded environment variables from .env. 
[info] i  functions: preparing .firebase\robotic-arm-app\functions directory for uploading... 
[info] i  functions: packaged C:\Users\adity\Downloads\Web Development\robotic-arm-webapp\frontend-next\.firebase\robotic-arm-app\functions (27.07 MB) for uploading 
[debug] [2023-03-31T00:10:16.900Z] >>> [apiv2][query] GET https://cloudfunctions.googleapis.com/v1/projects/robotic-arm-app/locations/-/functions [none]
[debug] [2023-03-31T00:10:17.496Z] <<< [apiv2][status] GET https://cloudfunctions.googleapis.com/v1/projects/robotic-arm-app/locations/-/functions 200
[debug] [2023-03-31T00:10:17.496Z] <<< [apiv2][body] GET https://cloudfunctions.googleapis.com/v1/projects/robotic-arm-app/locations/-/functions {}
[debug] [2023-03-31T00:10:17.497Z] >>> [apiv2][query] GET https://cloudfunctions.googleapis.com/v2/projects/robotic-arm-app/locations/-/functions filter=environment%3D%22GEN_2%22
[debug] [2023-03-31T00:10:18.064Z] <<< [apiv2][status] GET https://cloudfunctions.googleapis.com/v2/projects/robotic-arm-app/locations/-/functions 200
[debug] [2023-03-31T00:10:18.064Z] <<< [apiv2][body] GET https://cloudfunctions.googleapis.com/v2/projects/robotic-arm-app/locations/-/functions {"functions":[{"name":"projects/robotic-arm-app/locations/us-west1/functions/ssrroboticarmapp","buildConfig":{"build":"projects/361605004961/locations/us-west1/builds/e091971a-c152-4eff-9b94-8bb278db6436","runtime":"nodejs16","entryPoint":"ssrroboticarmapp","source":{"storageSource":{"bucket":"gcf-v2-sources-361605004961-us-west1","object":"ssrroboticarmapp/function-source.zip"}},"sourceProvenance":{"resolvedStorageSource":{"bucket":"gcf-v2-sources-361605004961-us-west1","object":"ssrroboticarmapp/function-source.zip","generation":"1679880631247234"}}},"serviceConfig":{"service":"projects/robotic-arm-app/locations/us-west1/services/ssrroboticarmapp","timeoutSeconds":60,"environmentVariables":{"__FIREBASE_FRAMEWORKS_ENTRY__":"next.js","FIREBASE_CONFIG":"{\"projectId\":\"robotic-arm-app\",\"storageBucket\":\"robotic-arm-app.appspot.com\"}","GCLOUD_PROJECT":"robotic-arm-app","EVENTARC_CLOUD_EVENT_SOURCE":"projects/robotic-arm-app/locations/us-west1/services/ssrroboticarmapp"},"maxInstanceCount":100,"ingressSettings":"ALLOW_ALL","uri":"https://ssrroboticarmapp-o2cg4sljmq-uw.a.run.app","serviceAccountEmail":"361605004961-compute@developer.gserviceaccount.com","availableMemory":"256Mi","allTrafficOnLatestRevision":true,"revision":"ssrroboticarmapp-00001-pic","maxInstanceRequestConcurrency":80,"availableCpu":"1"},"state":"ACTIVE","updateTime":"2023-03-27T01:33:48.128560136Z","labels":{"firebase-functions-codebase":"firebase-frameworks-robotic-arm-app","firebase-functions-hash":"85c8ecd0f04e7a65d7ccf6f7ef2a12422096bec1","deployment-tool":"cli-firebase"},"environment":"GEN_2"}]}
[debug] [2023-03-31T00:10:18.064Z] >>> [apiv2][query] GET https://run.googleapis.com/v1/projects/robotic-arm-app/locations/us-west1/services/ssrroboticarmapp [none]
[debug] [2023-03-31T00:10:18.670Z] <<< [apiv2][status] GET https://run.googleapis.com/v1/projects/robotic-arm-app/locations/us-west1/services/ssrroboticarmapp 200
[debug] [2023-03-31T00:10:18.670Z] <<< [apiv2][body] GET https://run.googleapis.com/v1/projects/robotic-arm-app/locations/us-west1/services/ssrroboticarmapp {"apiVersion":"serving.knative.dev/v1","kind":"Service","metadata":{"name":"ssrroboticarmapp","namespace":"361605004961","selfLink":"/apis/serving.knative.dev/v1/namespaces/361605004961/services/ssrroboticarmapp","uid":"a4d993dd-5bfc-4a82-90bc-2827c2ee6c9a","resourceVersion":"AAX317vVjqk","generation":1,"labels":{"goog-managed-by":"cloudfunctions","goog-cloudfunctions-runtime":"nodejs16","cloud.googleapis.com/location":"us-west1"},"annotations":{"run.googleapis.com/client-name":"cli-firebase","serving.knative.dev/creator":"service-361605004961@gcf-admin-robot.iam.gserviceaccount.com","serving.knative.dev/lastModifier":"service-361605004961@gcf-admin-robot.iam.gserviceaccount.com","run.googleapis.com/operation-id":"180f6aa0-5a6b-454c-b624-e7716ddad54e","run.googleapis.com/ingress":"all","run.googleapis.com/ingress-status":"all","cloudfunctions.googleapis.com/function-id":"ssrroboticarmapp"},"creationTimestamp":"2023-03-27T01:32:59.106596Z"},"spec":{"template":{"metadata":{"name":"ssrroboticarmapp-00001-pic","annotations":{"run.googleapis.com/client-name":"cli-firebase","cloudfunctions.googleapis.com/trigger-type":"HTTP_TRIGGER","autoscaling.knative.dev/maxScale":"100","run.googleapis.com/cpu-throttling":"true","run.googleapis.com/startup-cpu-boost":"true"}},"spec":{"containerConcurrency":80,"timeoutSeconds":60,"serviceAccountName":"361605004961-compute@developer.gserviceaccount.com","containers":[{"image":"us-west1-docker.pkg.dev/robotic-arm-app/gcf-artifacts/ssrroboticarmapp:version_1","env":[{"name":"__FIREBASE_FRAMEWORKS_ENTRY__","value":"next.js"},{"name":"FIREBASE_CONFIG","value":"{\"projectId\":\"robotic-arm-app\",\"storageBucket\":\"robotic-arm-app.appspot.com\"}"},{"name":"GCLOUD_PROJECT","value":"robotic-arm-app"},{"name":"EVENTARC_CLOUD_EVENT_SOURCE","value":"projects/robotic-arm-app/locations/us-west1/services/ssrroboticarmapp"}],"resources":{"limits":{"cpu":"1","memory":"256Mi"}},"ports":[{"name":"http1","containerPort":8080}],"startupProbe":{"timeoutSeconds":240,"periodSeconds":240,"failureThreshold":1,"tcpSocket":{"port":8080}}}]}},"traffic":[{"percent":100,"latestRevision":true}]},"status":{"observedGeneration":1,"conditions":[{"type":"Ready","status":"True","lastTransitionTime":"2023-03-27T01:33:44.776167Z"},{"type":"ConfigurationsReady","status":"True","lastTransitionTime":"2023-03-27T01:33:25.691100Z"},{"type":"RoutesReady","status":"True","lastTransitionTime":"2023-03-27T01:33:44.917673Z"}],"latestReadyRevisionName":"ssrroboticarmapp-00001-pic","latestCreatedRevisionName":"ssrroboticarmapp-00001-pic","traffic":[{"revisionName":"ssrroboticarmapp-00001-pic","percent":100,"latestRevision":true}],"url":"https://ssrroboticarmapp-o2cg4sljmq-uw.a.run.app","address":{"url":"https://ssrroboticarmapp-o2cg4sljmq-uw.a.run.app"}}}
[info] i  functions: ensuring required API run.googleapis.com is enabled... 
[info] i  functions: ensuring required API eventarc.googleapis.com is enabled... 
[info] i  functions: ensuring required API pubsub.googleapis.com is enabled... 
[info] i  functions: ensuring required API storage.googleapis.com is enabled... 
[debug] [2023-03-31T00:10:18.678Z] >>> [apiv2][query] GET https://serviceusage.googleapis.com/v1/projects/robotic-arm-app/services/run.googleapis.com [none]
[debug] [2023-03-31T00:10:18.678Z] >>> [apiv2][(partial)header] GET https://serviceusage.googleapis.com/v1/projects/robotic-arm-app/services/run.googleapis.com x-goog-quota-user=projects/robotic-arm-app
[debug] [2023-03-31T00:10:18.679Z] >>> [apiv2][query] GET https://serviceusage.googleapis.com/v1/projects/robotic-arm-app/services/eventarc.googleapis.com [none]
[debug] [2023-03-31T00:10:18.679Z] >>> [apiv2][(partial)header] GET https://serviceusage.googleapis.com/v1/projects/robotic-arm-app/services/eventarc.googleapis.com x-goog-quota-user=projects/robotic-arm-app
[debug] [2023-03-31T00:10:18.679Z] >>> [apiv2][query] GET https://serviceusage.googleapis.com/v1/projects/robotic-arm-app/services/pubsub.googleapis.com [none]
[debug] [2023-03-31T00:10:18.679Z] >>> [apiv2][(partial)header] GET https://serviceusage.googleapis.com/v1/projects/robotic-arm-app/services/pubsub.googleapis.com x-goog-quota-user=projects/robotic-arm-app
[debug] [2023-03-31T00:10:18.680Z] >>> [apiv2][query] GET https://serviceusage.googleapis.com/v1/projects/robotic-arm-app/services/storage.googleapis.com [none]
[debug] [2023-03-31T00:10:18.680Z] >>> [apiv2][(partial)header] GET https://serviceusage.googleapis.com/v1/projects/robotic-arm-app/services/storage.googleapis.com x-goog-quota-user=projects/robotic-arm-app
[debug] [2023-03-31T00:10:19.106Z] <<< [apiv2][status] GET https://serviceusage.googleapis.com/v1/projects/robotic-arm-app/services/pubsub.googleapis.com 200
[debug] [2023-03-31T00:10:19.106Z] <<< [apiv2][body] GET https://serviceusage.googleapis.com/v1/projects/robotic-arm-app/services/pubsub.googleapis.com [omitted]
[info] +  functions: required API pubsub.googleapis.com is enabled 
[debug] [2023-03-31T00:10:19.132Z] <<< [apiv2][status] GET https://serviceusage.googleapis.com/v1/projects/robotic-arm-app/services/run.googleapis.com 200
[debug] [2023-03-31T00:10:19.132Z] <<< [apiv2][body] GET https://serviceusage.googleapis.com/v1/projects/robotic-arm-app/services/run.googleapis.com [omitted]
[info] +  functions: required API run.googleapis.com is enabled 
[debug] [2023-03-31T00:10:19.145Z] <<< [apiv2][status] GET https://serviceusage.googleapis.com/v1/projects/robotic-arm-app/services/eventarc.googleapis.com 200
[debug] [2023-03-31T00:10:19.145Z] <<< [apiv2][body] GET https://serviceusage.googleapis.com/v1/projects/robotic-arm-app/services/eventarc.googleapis.com [omitted]
[info] +  functions: required API eventarc.googleapis.com is enabled 
[debug] [2023-03-31T00:10:19.150Z] <<< [apiv2][status] GET https://serviceusage.googleapis.com/v1/projects/robotic-arm-app/services/storage.googleapis.com 200
[debug] [2023-03-31T00:10:19.150Z] <<< [apiv2][body] GET https://serviceusage.googleapis.com/v1/projects/robotic-arm-app/services/storage.googleapis.com [omitted]
[info] +  functions: required API storage.googleapis.com is enabled 
[info] i  functions: generating the service identity for pubsub.googleapis.com... 
[info] i  functions: generating the service identity for eventarc.googleapis.com... 
[debug] [2023-03-31T00:10:19.151Z] >>> [apiv2][query] POST https://serviceusage.googleapis.com/v1beta1/projects/361605004961/services/pubsub.googleapis.com:generateServiceIdentity [none]
[debug] [2023-03-31T00:10:19.152Z] >>> [apiv2][query] POST https://serviceusage.googleapis.com/v1beta1/projects/361605004961/services/eventarc.googleapis.com:generateServiceIdentity [none]
[debug] [2023-03-31T00:10:19.674Z] <<< [apiv2][status] POST https://serviceusage.googleapis.com/v1beta1/projects/361605004961/services/pubsub.googleapis.com:generateServiceIdentity 200
[debug] [2023-03-31T00:10:19.674Z] <<< [apiv2][body] POST https://serviceusage.googleapis.com/v1beta1/projects/361605004961/services/pubsub.googleapis.com:generateServiceIdentity {"name":"operations/finished.DONE_OPERATION","done":true,"response":{"@type":"type.googleapis.com/google.api.serviceusage.v1beta1.ServiceIdentity","email":"service-361605004961@gcp-sa-pubsub.iam.gserviceaccount.com","uniqueId":"112936325536548487897"}}
[debug] [2023-03-31T00:10:19.809Z] <<< [apiv2][status] POST https://serviceusage.googleapis.com/v1beta1/projects/361605004961/services/eventarc.googleapis.com:generateServiceIdentity 200
[debug] [2023-03-31T00:10:19.809Z] <<< [apiv2][body] POST https://serviceusage.googleapis.com/v1beta1/projects/361605004961/services/eventarc.googleapis.com:generateServiceIdentity {"name":"operations/finished.DONE_OPERATION","done":true,"response":{"@type":"type.googleapis.com/google.api.serviceusage.v1beta1.ServiceIdentity","email":"service-361605004961@gcp-sa-eventarc.iam.gserviceaccount.com","uniqueId":"109411032152465520662"}}
[debug] [2023-03-31T00:10:19.811Z] >>> [apiv2][query] GET https://firebase.googleapis.com/v1beta1/projects/robotic-arm-app [none]
[debug] [2023-03-31T00:10:20.138Z] <<< [apiv2][status] GET https://firebase.googleapis.com/v1beta1/projects/robotic-arm-app 200
[debug] [2023-03-31T00:10:20.138Z] <<< [apiv2][body] GET https://firebase.googleapis.com/v1beta1/projects/robotic-arm-app {"projectId":"robotic-arm-app","projectNumber":"361605004961","displayName":"robotic-arm-app","name":"projects/robotic-arm-app","resources":{"hostingSite":"robotic-arm-app"},"state":"ACTIVE","etag":"1_74fe3c19-8f42-4eee-a98f-d5b95db9609c"}
[debug] [2023-03-31T00:10:20.140Z] >>> [apiv2][query] POST https://firebasehosting.googleapis.com/v1beta1/projects/-/sites/robotic-arm-app/versions [none]
[debug] [2023-03-31T00:10:20.140Z] >>> [apiv2][body] POST https://firebasehosting.googleapis.com/v1beta1/projects/-/sites/robotic-arm-app/versions {"status":"CREATED","labels":{"deployment-tool":"cli-firebase","firebase-web-framework":"next_ssr"}}
[debug] [2023-03-31T00:10:20.930Z] <<< [apiv2][status] POST https://firebasehosting.googleapis.com/v1beta1/projects/-/sites/robotic-arm-app/versions 200
[debug] [2023-03-31T00:10:20.930Z] <<< [apiv2][body] POST https://firebasehosting.googleapis.com/v1beta1/projects/-/sites/robotic-arm-app/versions {"name":"projects/361605004961/sites/robotic-arm-app/versions/da3563cdf973f71b","status":"CREATED","config":{},"labels":{"deployment-tool":"cli-firebase","firebase-web-framework":"next_ssr"}}
[debug] [2023-03-31T00:10:20.932Z] >>> [apiv2][query] POST https://cloudfunctions.googleapis.com/v2/projects/robotic-arm-app/locations/us-west1/functions:generateUploadUrl [none]
[debug] [2023-03-31T00:10:21.507Z] <<< [apiv2][status] POST https://cloudfunctions.googleapis.com/v2/projects/robotic-arm-app/locations/us-west1/functions:generateUploadUrl 200
[debug] [2023-03-31T00:10:21.507Z] <<< [apiv2][body] POST https://cloudfunctions.googleapis.com/v2/projects/robotic-arm-app/locations/us-west1/functions:generateUploadUrl {"uploadUrl":"https://storage.googleapis.com/gcf-v2-uploads-361605004961-us-west1/ff9e787c-9530-4dff-bb35-22212eb05798.zip?GoogleAccessId=service-361605004961@gcf-admin-robot.iam.gserviceaccount.com&Expires=1680223221&Signature=HkKFCPbXUPHDCQ1Vd1UGr%2B02cPQTabD2JsAHAHD7dpatrSWarJdTsHTkfH8%2BUD4Zz%2B5OQgoR6mqVjTvagxYVJVeKOPgNXnovj7ghPhvmuUw%2Baxzh5UhR8bVUPKhKFrAQTauyknt8sFwT%2ByRJlS0WJBxaLUtsYpGS9yVgVxjfddV0JULjWU8F3urgct7ai%2BLBtmIttW67R8lzSbb7K1LpFmBtdNB3kv9hbJKZC4wqQfsE0gyRfxaAiyA7P8Cb96Y6Yyfa9bqyt%2F%2BTrJ3Zkva%2BrRKIKq%2BT%2Bw68pSItaXkVO%2BEekJZssn2s0YwoLhikxL0D7aiuqMTR6KtQcDB4k6aCeg%3D%3D","storageSource":{"bucket":"gcf-v2-uploads-361605004961-us-west1","object":"ff9e787c-9530-4dff-bb35-22212eb05798.zip"}}
[debug] [2023-03-31T00:10:21.508Z] >>> [apiv2][query] PUT https://storage.googleapis.com/gcf-v2-uploads-361605004961-us-west1/ff9e787c-9530-4dff-bb35-22212eb05798.zip GoogleAccessId=service-361605004961%40gcf-admin-robot.iam.gserviceaccount.com&Expires=1680223221&Signature=HkKFCPbXUPHDCQ1Vd1UGr%2B02cPQTabD2JsAHAHD7dpatrSWarJdTsHTkfH8%2BUD4Zz%2B5OQgoR6mqVjTvagxYVJVeKOPgNXnovj7ghPhvmuUw%2Baxzh5UhR8bVUPKhKFrAQTauyknt8sFwT%2ByRJlS0WJBxaLUtsYpGS9yVgVxjfddV0JULjWU8F3urgct7ai%2BLBtmIttW67R8lzSbb7K1LpFmBtdNB3kv9hbJKZC4wqQfsE0gyRfxaAiyA7P8Cb96Y6Yyfa9bqyt%2F%2BTrJ3Zkva%2BrRKIKq%2BT%2Bw68pSItaXkVO%2BEekJZssn2s0YwoLhikxL0D7aiuqMTR6KtQcDB4k6aCeg%3D%3D
[debug] [2023-03-31T00:10:21.508Z] >>> [apiv2][body] PUT https://storage.googleapis.com/gcf-v2-uploads-361605004961-us-west1/ff9e787c-9530-4dff-bb35-22212eb05798.zip [stream]
[debug] [2023-03-31T00:10:32.346Z] <<< [apiv2][status] PUT https://storage.googleapis.com/gcf-v2-uploads-361605004961-us-west1/ff9e787c-9530-4dff-bb35-22212eb05798.zip 200
[debug] [2023-03-31T00:10:32.346Z] <<< [apiv2][body] PUT https://storage.googleapis.com/gcf-v2-uploads-361605004961-us-west1/ff9e787c-9530-4dff-bb35-22212eb05798.zip [omitted]
[info] +  functions: .firebase\robotic-arm-app\functions folder uploaded successfully 
[info] i  hosting[robotic-arm-app]: beginning deploy... 
[info] i  hosting[robotic-arm-app]: found 20 files in .firebase\robotic-arm-app\hosting 
[debug] [2023-03-31T00:10:32.365Z] [hosting] uploading with 200 concurrency
[debug] [2023-03-31T00:10:32.392Z] [hosting] hash cache [LmZpcmViYXNlXHJvYm90aWMtYXJtLWFwcFxob3N0aW5n] stored for 20 files
[debug] [2023-03-31T00:10:32.392Z] [hosting][hash queue][FINAL] {"max":16,"min":3,"avg":7.3,"active":0,"complete":20,"success":20,"errored":0,"retried":0,"total":20,"elapsed":20}
[debug] [2023-03-31T00:10:32.392Z] >>> [apiv2][query] POST https://firebasehosting.googleapis.com/v1beta1/projects/361605004961/sites/robotic-arm-app/versions/da3563cdf973f71b:populateFiles [none]
[debug] [2023-03-31T00:10:32.393Z] >>> [apiv2][body] POST https://firebasehosting.googleapis.com/v1beta1/projects/361605004961/sites/robotic-arm-app/versions/da3563cdf973f71b:populateFiles {"files":{"/favicon.ico":"43127f4210c52bcd0f30f291f1ee296ab41ddd1566905dc27fe1129e0175c8f1","/next.svg":"dd6837ad10912a1f5820eb31ad506e500d83be91a8635fcfa59b04d06f671fdc","/thirteen.svg":"399b773f0a515eec351e7559a4d1cd83b32c1c812f2fbc32fe1ba4ba4c1f580c","/vercel.svg":"1c03fbc03ff9ecf3469972d378778b1aea296f8ab9cb540af9d42c7848f52888","/card-imgs/peace-sign.png":"284098c93d8da3518d746b10ded92dfbbe0891162aeb6b2a463e2f8144180ad9","/500.html":"d78a5832bdfd65eea0f2dd73857a0db1bcb5a8526efb50bc0691626ee7b86f85","/404.html":"019e49f9453eeef279d220c1819dd6521cf999a82ab5b2dc3fdb76d5ca30d970","/index.html":"0be705eac7f465ff4e5138b9a28908f24d915e41064452e00af854d34f7bd322","/_next/static/chunks/316-5c97c28437a4d686.js":"21cf7ae28c800268927a827f8f12c38ec1b4e69cdd9b05fc15a630e102baa145","/_next/static/chunks/webpack-8fa1640cc84ba8fe.js":"e18540981287b4a21ccdd81034dd2abe76386931e64923f470ee843232c97dd0","/_next/static/chunks/pages/_error-54de1933a164a1ff.js":"544d995b1338ae1c6dfc6574c193fc07192e395739e80f5e37499c3749875b8a","/_next/static/chunks/pages/index-89ff27ed90f7f47c.js":"9ebc89c9c3d6cb201167581ede47d102e48cf3ad62dfb86b134247e7226a2a68","/_next/static/css/ba9b28eed88e94b2.css":"48b74d977d9434cb730b80e6b603b3c967a697639136833e659d49f6fc9a86a3","/_next/static/WcwBXTni_lBjZ6yjTJ5rk/_buildManifest.js":"db4d89f433905ee7aae70babc6c1c80a1d5cc973974b24e63645d6480aed1891","/_next/static/css/d7ca2cdf0aba21ba.css":"9986d0efe499c5a3d82a7ceb0a1518a6c0aac00001d6a303e6313792f77425ec","/_next/static/WcwBXTni_lBjZ6yjTJ5rk/_ssgManifest.js":"f73bbe5888d285cbab0ee19990a0d9db0b352fa3dfd30959d64a2bc66422d35c","/_next/static/chunks/pages/_app-5fbdfbcdfb555d2f.js":"77069df78e1bd114df6d3e5310fd1ae3535e1871c9bd42520e743acda76d6d84","/_next/static/chunks/main-0ecb9ccfcb6c9b24.js":"2686a31fc15b91fd43a38590173bae633e929b66ffa9995a18fa3b201efcffc7","/_next/static/chunks/polyfills-c67a75d1b6f99dc8.js":"94291e78be8a4f3b9af21c6dae21c20d76cadc33fe6b28d0ed6554e80060fb5c","/_next/static/chunks/framework-2c79e2a64abdb08b.js":"b6c2ebd921694edf45f77a2b778b116c9b6ed72aaf6b111071feb8e1fa4425fd"}}
[debug] [2023-03-31T00:10:32.847Z] <<< [apiv2][status] POST https://firebasehosting.googleapis.com/v1beta1/projects/361605004961/sites/robotic-arm-app/versions/da3563cdf973f71b:populateFiles 200
[debug] [2023-03-31T00:10:32.847Z] <<< [apiv2][body] POST https://firebasehosting.googleapis.com/v1beta1/projects/361605004961/sites/robotic-arm-app/versions/da3563cdf973f71b:populateFiles {"uploadRequiredHashes":["db4d89f433905ee7aae70babc6c1c80a1d5cc973974b24e63645d6480aed1891","9ebc89c9c3d6cb201167581ede47d102e48cf3ad62dfb86b134247e7226a2a68","0be705eac7f465ff4e5138b9a28908f24d915e41064452e00af854d34f7bd322","019e49f9453eeef279d220c1819dd6521cf999a82ab5b2dc3fdb76d5ca30d970","d78a5832bdfd65eea0f2dd73857a0db1bcb5a8526efb50bc0691626ee7b86f85"],"uploadUrl":"https://upload-firebasehosting.googleapis.com/upload/sites/robotic-arm-app/versions/da3563cdf973f71b/files"}
[debug] [2023-03-31T00:10:32.848Z] >>> [apiv2][query] POST https://upload-firebasehosting.googleapis.com/upload/sites/robotic-arm-app/versions/da3563cdf973f71b/files/db4d89f433905ee7aae70babc6c1c80a1d5cc973974b24e63645d6480aed1891 [none]
[debug] [2023-03-31T00:10:32.848Z] >>> [apiv2][body] POST https://upload-firebasehosting.googleapis.com/upload/sites/robotic-arm-app/versions/da3563cdf973f71b/files/db4d89f433905ee7aae70babc6c1c80a1d5cc973974b24e63645d6480aed1891 [stream]
[debug] [2023-03-31T00:10:32.849Z] >>> [apiv2][query] POST https://upload-firebasehosting.googleapis.com/upload/sites/robotic-arm-app/versions/da3563cdf973f71b/files/9ebc89c9c3d6cb201167581ede47d102e48cf3ad62dfb86b134247e7226a2a68 [none]
[debug] [2023-03-31T00:10:32.849Z] >>> [apiv2][body] POST https://upload-firebasehosting.googleapis.com/upload/sites/robotic-arm-app/versions/da3563cdf973f71b/files/9ebc89c9c3d6cb201167581ede47d102e48cf3ad62dfb86b134247e7226a2a68 [stream]
[debug] [2023-03-31T00:10:32.849Z] >>> [apiv2][query] POST https://upload-firebasehosting.googleapis.com/upload/sites/robotic-arm-app/versions/da3563cdf973f71b/files/0be705eac7f465ff4e5138b9a28908f24d915e41064452e00af854d34f7bd322 [none]
[debug] [2023-03-31T00:10:32.849Z] >>> [apiv2][body] POST https://upload-firebasehosting.googleapis.com/upload/sites/robotic-arm-app/versions/da3563cdf973f71b/files/0be705eac7f465ff4e5138b9a28908f24d915e41064452e00af854d34f7bd322 [stream]
[debug] [2023-03-31T00:10:32.852Z] >>> [apiv2][query] POST https://upload-firebasehosting.googleapis.com/upload/sites/robotic-arm-app/versions/da3563cdf973f71b/files/019e49f9453eeef279d220c1819dd6521cf999a82ab5b2dc3fdb76d5ca30d970 [none]
[debug] [2023-03-31T00:10:32.852Z] >>> [apiv2][body] POST https://upload-firebasehosting.googleapis.com/upload/sites/robotic-arm-app/versions/da3563cdf973f71b/files/019e49f9453eeef279d220c1819dd6521cf999a82ab5b2dc3fdb76d5ca30d970 [stream]
[debug] [2023-03-31T00:10:32.852Z] >>> [apiv2][query] POST https://upload-firebasehosting.googleapis.com/upload/sites/robotic-arm-app/versions/da3563cdf973f71b/files/d78a5832bdfd65eea0f2dd73857a0db1bcb5a8526efb50bc0691626ee7b86f85 [none]
[debug] [2023-03-31T00:10:32.853Z] >>> [apiv2][body] POST https://upload-firebasehosting.googleapis.com/upload/sites/robotic-arm-app/versions/da3563cdf973f71b/files/d78a5832bdfd65eea0f2dd73857a0db1bcb5a8526efb50bc0691626ee7b86f85 [stream]
[debug] [2023-03-31T00:10:32.853Z] [hosting][populate queue][FINAL] {"max":458,"min":458,"avg":458,"active":0,"complete":1,"success":1,"errored":0,"retried":0,"total":1,"elapsed":463}
[debug] [2023-03-31T00:10:32.853Z] [hosting] uploads queued: 5
[debug] [2023-03-31T00:10:33.589Z] <<< [apiv2][status] POST https://upload-firebasehosting.googleapis.com/upload/sites/robotic-arm-app/versions/da3563cdf973f71b/files/0be705eac7f465ff4e5138b9a28908f24d915e41064452e00af854d34f7bd322 200
[debug] [2023-03-31T00:10:33.589Z] <<< [apiv2][body] POST https://upload-firebasehosting.googleapis.com/upload/sites/robotic-arm-app/versions/da3563cdf973f71b/files/0be705eac7f465ff4e5138b9a28908f24d915e41064452e00af854d34f7bd322 [stream]
[debug] [2023-03-31T00:10:33.636Z] <<< [apiv2][status] POST https://upload-firebasehosting.googleapis.com/upload/sites/robotic-arm-app/versions/da3563cdf973f71b/files/db4d89f433905ee7aae70babc6c1c80a1d5cc973974b24e63645d6480aed1891 200
[debug] [2023-03-31T00:10:33.637Z] <<< [apiv2][body] POST https://upload-firebasehosting.googleapis.com/upload/sites/robotic-arm-app/versions/da3563cdf973f71b/files/db4d89f433905ee7aae70babc6c1c80a1d5cc973974b24e63645d6480aed1891 [stream]
[debug] [2023-03-31T00:10:33.721Z] <<< [apiv2][status] POST https://upload-firebasehosting.googleapis.com/upload/sites/robotic-arm-app/versions/da3563cdf973f71b/files/019e49f9453eeef279d220c1819dd6521cf999a82ab5b2dc3fdb76d5ca30d970 200
[debug] [2023-03-31T00:10:33.721Z] <<< [apiv2][body] POST https://upload-firebasehosting.googleapis.com/upload/sites/robotic-arm-app/versions/da3563cdf973f71b/files/019e49f9453eeef279d220c1819dd6521cf999a82ab5b2dc3fdb76d5ca30d970 [stream]
[debug] [2023-03-31T00:10:33.745Z] <<< [apiv2][status] POST https://upload-firebasehosting.googleapis.com/upload/sites/robotic-arm-app/versions/da3563cdf973f71b/files/9ebc89c9c3d6cb201167581ede47d102e48cf3ad62dfb86b134247e7226a2a68 200
[debug] [2023-03-31T00:10:33.745Z] <<< [apiv2][body] POST https://upload-firebasehosting.googleapis.com/upload/sites/robotic-arm-app/versions/da3563cdf973f71b/files/9ebc89c9c3d6cb201167581ede47d102e48cf3ad62dfb86b134247e7226a2a68 [stream]
[debug] [2023-03-31T00:10:33.769Z] <<< [apiv2][status] POST https://upload-firebasehosting.googleapis.com/upload/sites/robotic-arm-app/versions/da3563cdf973f71b/files/d78a5832bdfd65eea0f2dd73857a0db1bcb5a8526efb50bc0691626ee7b86f85 200
[debug] [2023-03-31T00:10:33.769Z] <<< [apiv2][body] POST https://upload-firebasehosting.googleapis.com/upload/sites/robotic-arm-app/versions/da3563cdf973f71b/files/d78a5832bdfd65eea0f2dd73857a0db1bcb5a8526efb50bc0691626ee7b86f85 [stream]
[debug] [2023-03-31T00:10:33.769Z] [hosting][upload queue][FINAL] {"max":921,"min":741,"avg":844.4,"active":0,"complete":5,"success":5,"errored":0,"retried":0,"total":5,"elapsed":922}
[info] +  hosting[robotic-arm-app]: file upload complete 
[debug] [2023-03-31T00:10:33.770Z] [hosting] deploy completed after 1420ms
[info] i  functions: updating Node.js 16 function firebase-frameworks-robotic-arm-app:ssrroboticarmapp(us-west1)... 
[debug] [2023-03-31T00:10:33.775Z] >>> [apiv2][query] PATCH https://cloudfunctions.googleapis.com/v2/projects/robotic-arm-app/locations/us-west1/functions/ssrroboticarmapp updateMask=name%2CbuildConfig.runtime%2CbuildConfig.entryPoint%2CbuildConfig.source.storageSource.bucket%2CbuildConfig.source.storageSource.object%2CbuildConfig.environmentVariables%2CserviceConfig.environmentVariables%2CserviceConfig.availableMemory%2CserviceConfig.maxInstanceRequestConcurrency%2CserviceConfig.availableCpu%2Clabels
[debug] [2023-03-31T00:10:33.776Z] >>> [apiv2][body] PATCH https://cloudfunctions.googleapis.com/v2/projects/robotic-arm-app/locations/us-west1/functions/ssrroboticarmapp {"name":"projects/robotic-arm-app/locations/us-west1/functions/ssrroboticarmapp","buildConfig":{"runtime":"nodejs16","entryPoint":"ssrroboticarmapp","source":{"storageSource":{"bucket":"gcf-v2-uploads-361605004961-us-west1","object":"ff9e787c-9530-4dff-bb35-22212eb05798.zip"}},"environmentVariables":{}},"serviceConfig":{"environmentVariables":{"__FIREBASE_FRAMEWORKS_ENTRY__":"next.js","FIREBASE_CONFIG":"{\"projectId\":\"robotic-arm-app\",\"storageBucket\":\"robotic-arm-app.appspot.com\"}","GCLOUD_PROJECT":"robotic-arm-app","EVENTARC_CLOUD_EVENT_SOURCE":"projects/robotic-arm-app/locations/us-west1/services/ssrroboticarmapp"},"availableMemory":"256Mi","maxInstanceRequestConcurrency":80,"availableCpu":"1"},"labels":{"deployment-tool":"cli-firebase","firebase-functions-codebase":"firebase-frameworks-robotic-arm-app","firebase-functions-hash":"4fcc36974d0ea7991a8e40f298c7b4d9335a165a"}}
[debug] [2023-03-31T00:10:35.104Z] <<< [apiv2][status] PATCH https://cloudfunctions.googleapis.com/v2/projects/robotic-arm-app/locations/us-west1/functions/ssrroboticarmapp 200
[debug] [2023-03-31T00:10:35.104Z] <<< [apiv2][body] PATCH https://cloudfunctions.googleapis.com/v2/projects/robotic-arm-app/locations/us-west1/functions/ssrroboticarmapp {"name":"projects/robotic-arm-app/locations/us-west1/operations/operation-1680221434112-5f82709b969ec-10a61fd2-b1872c0d","metadata":{"@type":"type.googleapis.com/google.cloud.functions.v2.OperationMetadata","createTime":"2023-03-31T00:10:34.953522350Z","target":"projects/robotic-arm-app/locations/us-west1/functions/ssrroboticarmapp","verb":"update","cancelRequested":false,"apiVersion":"v2"},"done":false}
[debug] [2023-03-31T00:10:35.105Z] >>> [apiv2][query] GET https://cloudfunctions.googleapis.com/v2/projects/robotic-arm-app/locations/us-west1/operations/operation-1680221434112-5f82709b969ec-10a61fd2-b1872c0d [none]
[debug] [2023-03-31T00:10:35.593Z] <<< [apiv2][status] GET https://cloudfunctions.googleapis.com/v2/projects/robotic-arm-app/locations/us-west1/operations/operation-1680221434112-5f82709b969ec-10a61fd2-b1872c0d 200
[debug] [2023-03-31T00:10:35.593Z] <<< [apiv2][body] GET https://cloudfunctions.googleapis.com/v2/projects/robotic-arm-app/locations/us-west1/operations/operation-1680221434112-5f82709b969ec-10a61fd2-b1872c0d {"name":"projects/robotic-arm-app/locations/us-west1/operations/operation-1680221434112-5f82709b969ec-10a61fd2-b1872c0d","metadata":{"@type":"type.googleapis.com/google.cloud.functions.v2.OperationMetadata","createTime":"2023-03-31T00:10:34.953522350Z","target":"projects/robotic-arm-app/locations/us-west1/functions/ssrroboticarmapp","verb":"update","cancelRequested":false,"apiVersion":"v2","requestResource":{"@type":"type.googleapis.com/google.cloud.functions.v2.Function","name":"projects/robotic-arm-app/locations/us-west1/functions/ssrroboticarmapp","buildConfig":{"runtime":"nodejs16","entryPoint":"ssrroboticarmapp","source":{"storageSource":{"bucket":"gcf-v2-sources-361605004961-us-west1","object":"ssrroboticarmapp/function-source.zip"}},"sourceProvenance":{"resolvedStorageSource":{"bucket":"gcf-v2-sources-361605004961-us-west1","object":"ssrroboticarmapp/function-source.zip","generation":"1679880631247234"}}},"serviceConfig":{"service":"projects/robotic-arm-app/locations/us-west1/services/ssrroboticarmapp","timeoutSeconds":60,"environmentVariables":{"__FIREBASE_FRAMEWORKS_ENTRY__":"next.js","FIREBASE_CONFIG":"{\"projectId\":\"robotic-arm-app\",\"storageBucket\":\"robotic-arm-app.appspot.com\"}","GCLOUD_PROJECT":"robotic-arm-app","EVENTARC_CLOUD_EVENT_SOURCE":"projects/robotic-arm-app/locations/us-west1/services/ssrroboticarmapp"},"maxInstanceCount":100,"ingressSettings":"ALLOW_ALL","uri":"https://ssrroboticarmapp-o2cg4sljmq-uw.a.run.app","serviceAccountEmail":"361605004961-compute@developer.gserviceaccount.com","availableMemory":"256Mi","allTrafficOnLatestRevision":true,"revision":"ssrroboticarmapp-00001-pic","maxInstanceRequestConcurrency":80,"availableCpu":"1"},"state":"ACTIVE","labels":{"firebase-functions-codebase":"firebase-frameworks-robotic-arm-app","firebase-functions-hash":"4fcc36974d0ea7991a8e40f298c7b4d9335a165a"},"environment":"GEN_2"},"stages":[{"name":"BUILD","state":"NOT_STARTED"},{"name":"SERVICE","state":"NOT_STARTED"}]},"done":false}
[debug] [2023-03-31T00:10:36.095Z] [update-firebase-frameworks-robotic-arm-app-us-west1-ssrroboticarmapp] Retrying task index 0
[debug] [2023-03-31T00:10:36.095Z] >>> [apiv2][query] GET https://cloudfunctions.googleapis.com/v2/projects/robotic-arm-app/locations/us-west1/operations/operation-1680221434112-5f82709b969ec-10a61fd2-b1872c0d [none]
[debug] [2023-03-31T00:10:36.551Z] <<< [apiv2][status] GET https://cloudfunctions.googleapis.com/v2/projects/robotic-arm-app/locations/us-west1/operations/operation-1680221434112-5f82709b969ec-10a61fd2-b1872c0d 200
[debug] [2023-03-31T00:10:36.551Z] <<< [apiv2][body] GET https://cloudfunctions.googleapis.com/v2/projects/robotic-arm-app/locations/us-west1/operations/operation-1680221434112-5f82709b969ec-10a61fd2-b1872c0d {"name":"projects/robotic-arm-app/locations/us-west1/operations/operation-1680221434112-5f82709b969ec-10a61fd2-b1872c0d","metadata":{"@type":"type.googleapis.com/google.cloud.functions.v2.OperationMetadata","createTime":"2023-03-31T00:10:34.953522350Z","target":"projects/robotic-arm-app/locations/us-west1/functions/ssrroboticarmapp","verb":"update","cancelRequested":false,"apiVersion":"v2","requestResource":{"@type":"type.googleapis.com/google.cloud.functions.v2.Function","name":"projects/robotic-arm-app/locations/us-west1/functions/ssrroboticarmapp","buildConfig":{"runtime":"nodejs16","entryPoint":"ssrroboticarmapp","source":{"storageSource":{"bucket":"gcf-v2-sources-361605004961-us-west1","object":"ssrroboticarmapp/function-source.zip"}},"sourceProvenance":{"resolvedStorageSource":{"bucket":"gcf-v2-sources-361605004961-us-west1","object":"ssrroboticarmapp/function-source.zip","generation":"1679880631247234"}}},"serviceConfig":{"service":"projects/robotic-arm-app/locations/us-west1/services/ssrroboticarmapp","timeoutSeconds":60,"environmentVariables":{"__FIREBASE_FRAMEWORKS_ENTRY__":"next.js","FIREBASE_CONFIG":"{\"projectId\":\"robotic-arm-app\",\"storageBucket\":\"robotic-arm-app.appspot.com\"}","GCLOUD_PROJECT":"robotic-arm-app","EVENTARC_CLOUD_EVENT_SOURCE":"projects/robotic-arm-app/locations/us-west1/services/ssrroboticarmapp"},"maxInstanceCount":100,"ingressSettings":"ALLOW_ALL","uri":"https://ssrroboticarmapp-o2cg4sljmq-uw.a.run.app","serviceAccountEmail":"361605004961-compute@developer.gserviceaccount.com","availableMemory":"256Mi","allTrafficOnLatestRevision":true,"revision":"ssrroboticarmapp-00001-pic","maxInstanceRequestConcurrency":80,"availableCpu":"1"},"state":"ACTIVE","labels":{"firebase-functions-codebase":"firebase-frameworks-robotic-arm-app","firebase-functions-hash":"4fcc36974d0ea7991a8e40f298c7b4d9335a165a"},"environment":"GEN_2"},"stages":[{"name":"BUILD","state":"NOT_STARTED"},{"name":"SERVICE","state":"NOT_STARTED"}]},"done":false}
[debug] [2023-03-31T00:10:37.559Z] [update-firebase-frameworks-robotic-arm-app-us-west1-ssrroboticarmapp] Retrying task index 0
[debug] [2023-03-31T00:10:37.560Z] >>> [apiv2][query] GET https://cloudfunctions.googleapis.com/v2/projects/robotic-arm-app/locations/us-west1/operations/operation-1680221434112-5f82709b969ec-10a61fd2-b1872c0d [none]
[debug] [2023-03-31T00:10:38.044Z] <<< [apiv2][status] GET https://cloudfunctions.googleapis.com/v2/projects/robotic-arm-app/locations/us-west1/operations/operation-1680221434112-5f82709b969ec-10a61fd2-b1872c0d 200
[debug] [2023-03-31T00:10:38.045Z] <<< [apiv2][body] GET https://cloudfunctions.googleapis.com/v2/projects/robotic-arm-app/locations/us-west1/operations/operation-1680221434112-5f82709b969ec-10a61fd2-b1872c0d {"name":"projects/robotic-arm-app/locations/us-west1/operations/operation-1680221434112-5f82709b969ec-10a61fd2-b1872c0d","metadata":{"@type":"type.googleapis.com/google.cloud.functions.v2.OperationMetadata","createTime":"2023-03-31T00:10:34.953522350Z","target":"projects/robotic-arm-app/locations/us-west1/functions/ssrroboticarmapp","verb":"update","cancelRequested":false,"apiVersion":"v2","requestResource":{"@type":"type.googleapis.com/google.cloud.functions.v2.Function","name":"projects/robotic-arm-app/locations/us-west1/functions/ssrroboticarmapp","buildConfig":{"runtime":"nodejs16","entryPoint":"ssrroboticarmapp","source":{"storageSource":{"bucket":"gcf-v2-sources-361605004961-us-west1","object":"ssrroboticarmapp/function-source.zip"}},"sourceProvenance":{"resolvedStorageSource":{"bucket":"gcf-v2-sources-361605004961-us-west1","object":"ssrroboticarmapp/function-source.zip","generation":"1679880631247234"}}},"serviceConfig":{"service":"projects/robotic-arm-app/locations/us-west1/services/ssrroboticarmapp","timeoutSeconds":60,"environmentVariables":{"__FIREBASE_FRAMEWORKS_ENTRY__":"next.js","FIREBASE_CONFIG":"{\"projectId\":\"robotic-arm-app\",\"storageBucket\":\"robotic-arm-app.appspot.com\"}","GCLOUD_PROJECT":"robotic-arm-app","EVENTARC_CLOUD_EVENT_SOURCE":"projects/robotic-arm-app/locations/us-west1/services/ssrroboticarmapp"},"maxInstanceCount":100,"ingressSettings":"ALLOW_ALL","uri":"https://ssrroboticarmapp-o2cg4sljmq-uw.a.run.app","serviceAccountEmail":"361605004961-compute@developer.gserviceaccount.com","availableMemory":"256Mi","allTrafficOnLatestRevision":true,"revision":"ssrroboticarmapp-00001-pic","maxInstanceRequestConcurrency":80,"availableCpu":"1"},"state":"ACTIVE","labels":{"firebase-functions-codebase":"firebase-frameworks-robotic-arm-app","firebase-functions-hash":"4fcc36974d0ea7991a8e40f298c7b4d9335a165a"},"environment":"GEN_2"},"stages":[{"name":"BUILD","message":"Creating build","state":"IN_PROGRESS","resource":"projects/361605004961/locations/us-west1/builds/913c22d1-d874-4fb6-bb1f-374058884961","resourceUri":"https://console.cloud.google.com/cloud-build/builds;region=us-west1/913c22d1-d874-4fb6-bb1f-374058884961?project=361605004961"},{"name":"SERVICE","state":"NOT_STARTED"}]},"done":false}
[debug] [2023-03-31T00:10:40.052Z] [update-firebase-frameworks-robotic-arm-app-us-west1-ssrroboticarmapp] Retrying task index 0
[debug] [2023-03-31T00:10:40.053Z] >>> [apiv2][query] GET https://cloudfunctions.googleapis.com/v2/projects/robotic-arm-app/locations/us-west1/operations/operation-1680221434112-5f82709b969ec-10a61fd2-b1872c0d [none]
[debug] [2023-03-31T00:10:40.504Z] <<< [apiv2][status] GET https://cloudfunctions.googleapis.com/v2/projects/robotic-arm-app/locations/us-west1/operations/operation-1680221434112-5f82709b969ec-10a61fd2-b1872c0d 200
[debug] [2023-03-31T00:10:40.505Z] <<< [apiv2][body] GET https://cloudfunctions.googleapis.com/v2/projects/robotic-arm-app/locations/us-west1/operations/operation-1680221434112-5f82709b969ec-10a61fd2-b1872c0d {"name":"projects/robotic-arm-app/locations/us-west1/operations/operation-1680221434112-5f82709b969ec-10a61fd2-b1872c0d","metadata":{"@type":"type.googleapis.com/google.cloud.functions.v2.OperationMetadata","createTime":"2023-03-31T00:10:34.953522350Z","target":"projects/robotic-arm-app/locations/us-west1/functions/ssrroboticarmapp","verb":"update","cancelRequested":false,"apiVersion":"v2","requestResource":{"@type":"type.googleapis.com/google.cloud.functions.v2.Function","name":"projects/robotic-arm-app/locations/us-west1/functions/ssrroboticarmapp","buildConfig":{"runtime":"nodejs16","entryPoint":"ssrroboticarmapp","source":{"storageSource":{"bucket":"gcf-v2-sources-361605004961-us-west1","object":"ssrroboticarmapp/function-source.zip"}},"sourceProvenance":{"resolvedStorageSource":{"bucket":"gcf-v2-sources-361605004961-us-west1","object":"ssrroboticarmapp/function-source.zip","generation":"1679880631247234"}}},"serviceConfig":{"service":"projects/robotic-arm-app/locations/us-west1/services/ssrroboticarmapp","timeoutSeconds":60,"environmentVariables":{"__FIREBASE_FRAMEWORKS_ENTRY__":"next.js","FIREBASE_CONFIG":"{\"projectId\":\"robotic-arm-app\",\"storageBucket\":\"robotic-arm-app.appspot.com\"}","GCLOUD_PROJECT":"robotic-arm-app","EVENTARC_CLOUD_EVENT_SOURCE":"projects/robotic-arm-app/locations/us-west1/services/ssrroboticarmapp"},"maxInstanceCount":100,"ingressSettings":"ALLOW_ALL","uri":"https://ssrroboticarmapp-o2cg4sljmq-uw.a.run.app","serviceAccountEmail":"361605004961-compute@developer.gserviceaccount.com","availableMemory":"256Mi","allTrafficOnLatestRevision":true,"revision":"ssrroboticarmapp-00001-pic","maxInstanceRequestConcurrency":80,"availableCpu":"1"},"state":"ACTIVE","labels":{"firebase-functions-codebase":"firebase-frameworks-robotic-arm-app","firebase-functions-hash":"4fcc36974d0ea7991a8e40f298c7b4d9335a165a"},"environment":"GEN_2"},"stages":[{"name":"BUILD","message":"Creating build","state":"IN_PROGRESS","resource":"projects/361605004961/locations/us-west1/builds/913c22d1-d874-4fb6-bb1f-374058884961","resourceUri":"https://console.cloud.google.com/cloud-build/builds;region=us-west1/913c22d1-d874-4fb6-bb1f-374058884961?project=361605004961"},{"name":"SERVICE","state":"NOT_STARTED"}]},"done":false}
[debug] [2023-03-31T00:10:44.505Z] [update-firebase-frameworks-robotic-arm-app-us-west1-ssrroboticarmapp] Retrying task index 0
[debug] [2023-03-31T00:10:44.505Z] >>> [apiv2][query] GET https://cloudfunctions.googleapis.com/v2/projects/robotic-arm-app/locations/us-west1/operations/operation-1680221434112-5f82709b969ec-10a61fd2-b1872c0d [none]
[debug] [2023-03-31T00:10:44.998Z] <<< [apiv2][status] GET https://cloudfunctions.googleapis.com/v2/projects/robotic-arm-app/locations/us-west1/operations/operation-1680221434112-5f82709b969ec-10a61fd2-b1872c0d 200
[debug] [2023-03-31T00:10:44.998Z] <<< [apiv2][body] GET https://cloudfunctions.googleapis.com/v2/projects/robotic-arm-app/locations/us-west1/operations/operation-1680221434112-5f82709b969ec-10a61fd2-b1872c0d {"name":"projects/robotic-arm-app/locations/us-west1/operations/operation-1680221434112-5f82709b969ec-10a61fd2-b1872c0d","metadata":{"@type":"type.googleapis.com/google.cloud.functions.v2.OperationMetadata","createTime":"2023-03-31T00:10:34.953522350Z","target":"projects/robotic-arm-app/locations/us-west1/functions/ssrroboticarmapp","verb":"update","cancelRequested":false,"apiVersion":"v2","requestResource":{"@type":"type.googleapis.com/google.cloud.functions.v2.Function","name":"projects/robotic-arm-app/locations/us-west1/functions/ssrroboticarmapp","buildConfig":{"runtime":"nodejs16","entryPoint":"ssrroboticarmapp","source":{"storageSource":{"bucket":"gcf-v2-sources-361605004961-us-west1","object":"ssrroboticarmapp/function-source.zip"}},"sourceProvenance":{"resolvedStorageSource":{"bucket":"gcf-v2-sources-361605004961-us-west1","object":"ssrroboticarmapp/function-source.zip","generation":"1679880631247234"}}},"serviceConfig":{"service":"projects/robotic-arm-app/locations/us-west1/services/ssrroboticarmapp","timeoutSeconds":60,"environmentVariables":{"__FIREBASE_FRAMEWORKS_ENTRY__":"next.js","FIREBASE_CONFIG":"{\"projectId\":\"robotic-arm-app\",\"storageBucket\":\"robotic-arm-app.appspot.com\"}","GCLOUD_PROJECT":"robotic-arm-app","EVENTARC_CLOUD_EVENT_SOURCE":"projects/robotic-arm-app/locations/us-west1/services/ssrroboticarmapp"},"maxInstanceCount":100,"ingressSettings":"ALLOW_ALL","uri":"https://ssrroboticarmapp-o2cg4sljmq-uw.a.run.app","serviceAccountEmail":"361605004961-compute@developer.gserviceaccount.com","availableMemory":"256Mi","allTrafficOnLatestRevision":true,"revision":"ssrroboticarmapp-00001-pic","maxInstanceRequestConcurrency":80,"availableCpu":"1"},"state":"ACTIVE","labels":{"firebase-functions-codebase":"firebase-frameworks-robotic-arm-app","firebase-functions-hash":"4fcc36974d0ea7991a8e40f298c7b4d9335a165a"},"environment":"GEN_2"},"stages":[{"name":"BUILD","message":"Creating build","state":"IN_PROGRESS","resource":"projects/361605004961/locations/us-west1/builds/913c22d1-d874-4fb6-bb1f-374058884961","resourceUri":"https://console.cloud.google.com/cloud-build/builds;region=us-west1/913c22d1-d874-4fb6-bb1f-374058884961?project=361605004961"},{"name":"SERVICE","state":"NOT_STARTED"}]},"done":false}
[debug] [2023-03-31T00:10:53.007Z] [update-firebase-frameworks-robotic-arm-app-us-west1-ssrroboticarmapp] Retrying task index 0
[debug] [2023-03-31T00:10:53.008Z] >>> [apiv2][query] GET https://cloudfunctions.googleapis.com/v2/projects/robotic-arm-app/locations/us-west1/operations/operation-1680221434112-5f82709b969ec-10a61fd2-b1872c0d [none]
[debug] [2023-03-31T00:10:53.654Z] <<< [apiv2][status] GET https://cloudfunctions.googleapis.com/v2/projects/robotic-arm-app/locations/us-west1/operations/operation-1680221434112-5f82709b969ec-10a61fd2-b1872c0d 200
[debug] [2023-03-31T00:10:53.654Z] <<< [apiv2][body] GET https://cloudfunctions.googleapis.com/v2/projects/robotic-arm-app/locations/us-west1/operations/operation-1680221434112-5f82709b969ec-10a61fd2-b1872c0d {"name":"projects/robotic-arm-app/locations/us-west1/operations/operation-1680221434112-5f82709b969ec-10a61fd2-b1872c0d","metadata":{"@type":"type.googleapis.com/google.cloud.functions.v2.OperationMetadata","createTime":"2023-03-31T00:10:34.953522350Z","target":"projects/robotic-arm-app/locations/us-west1/functions/ssrroboticarmapp","verb":"update","cancelRequested":false,"apiVersion":"v2","requestResource":{"@type":"type.googleapis.com/google.cloud.functions.v2.Function","name":"projects/robotic-arm-app/locations/us-west1/functions/ssrroboticarmapp","buildConfig":{"runtime":"nodejs16","entryPoint":"ssrroboticarmapp","source":{"storageSource":{"bucket":"gcf-v2-sources-361605004961-us-west1","object":"ssrroboticarmapp/function-source.zip"}},"sourceProvenance":{"resolvedStorageSource":{"bucket":"gcf-v2-sources-361605004961-us-west1","object":"ssrroboticarmapp/function-source.zip","generation":"1679880631247234"}}},"serviceConfig":{"service":"projects/robotic-arm-app/locations/us-west1/services/ssrroboticarmapp","timeoutSeconds":60,"environmentVariables":{"__FIREBASE_FRAMEWORKS_ENTRY__":"next.js","FIREBASE_CONFIG":"{\"projectId\":\"robotic-arm-app\",\"storageBucket\":\"robotic-arm-app.appspot.com\"}","GCLOUD_PROJECT":"robotic-arm-app","EVENTARC_CLOUD_EVENT_SOURCE":"projects/robotic-arm-app/locations/us-west1/services/ssrroboticarmapp"},"maxInstanceCount":100,"ingressSettings":"ALLOW_ALL","uri":"https://ssrroboticarmapp-o2cg4sljmq-uw.a.run.app","serviceAccountEmail":"361605004961-compute@developer.gserviceaccount.com","availableMemory":"256Mi","allTrafficOnLatestRevision":true,"revision":"ssrroboticarmapp-00001-pic","maxInstanceRequestConcurrency":80,"availableCpu":"1"},"state":"ACTIVE","labels":{"firebase-functions-codebase":"firebase-frameworks-robotic-arm-app","firebase-functions-hash":"4fcc36974d0ea7991a8e40f298c7b4d9335a165a"},"environment":"GEN_2"},"stages":[{"name":"BUILD","message":"Creating build","state":"IN_PROGRESS","resource":"projects/361605004961/locations/us-west1/builds/913c22d1-d874-4fb6-bb1f-374058884961","resourceUri":"https://console.cloud.google.com/cloud-build/builds;region=us-west1/913c22d1-d874-4fb6-bb1f-374058884961?project=361605004961"},{"name":"SERVICE","state":"NOT_STARTED"}]},"done":false}
[debug] [2023-03-31T00:11:03.659Z] [update-firebase-frameworks-robotic-arm-app-us-west1-ssrroboticarmapp] Retrying task index 0
[debug] [2023-03-31T00:11:03.660Z] >>> [apiv2][query] GET https://cloudfunctions.googleapis.com/v2/projects/robotic-arm-app/locations/us-west1/operations/operation-1680221434112-5f82709b969ec-10a61fd2-b1872c0d [none]
[debug] [2023-03-31T00:11:04.132Z] <<< [apiv2][status] GET https://cloudfunctions.googleapis.com/v2/projects/robotic-arm-app/locations/us-west1/operations/operation-1680221434112-5f82709b969ec-10a61fd2-b1872c0d 200
[debug] [2023-03-31T00:11:04.133Z] <<< [apiv2][body] GET https://cloudfunctions.googleapis.com/v2/projects/robotic-arm-app/locations/us-west1/operations/operation-1680221434112-5f82709b969ec-10a61fd2-b1872c0d {"name":"projects/robotic-arm-app/locations/us-west1/operations/operation-1680221434112-5f82709b969ec-10a61fd2-b1872c0d","metadata":{"@type":"type.googleapis.com/google.cloud.functions.v2.OperationMetadata","createTime":"2023-03-31T00:10:34.953522350Z","target":"projects/robotic-arm-app/locations/us-west1/functions/ssrroboticarmapp","verb":"update","cancelRequested":false,"apiVersion":"v2","requestResource":{"@type":"type.googleapis.com/google.cloud.functions.v2.Function","name":"projects/robotic-arm-app/locations/us-west1/functions/ssrroboticarmapp","buildConfig":{"runtime":"nodejs16","entryPoint":"ssrroboticarmapp","source":{"storageSource":{"bucket":"gcf-v2-sources-361605004961-us-west1","object":"ssrroboticarmapp/function-source.zip"}},"sourceProvenance":{"resolvedStorageSource":{"bucket":"gcf-v2-sources-361605004961-us-west1","object":"ssrroboticarmapp/function-source.zip","generation":"1679880631247234"}}},"serviceConfig":{"service":"projects/robotic-arm-app/locations/us-west1/services/ssrroboticarmapp","timeoutSeconds":60,"environmentVariables":{"__FIREBASE_FRAMEWORKS_ENTRY__":"next.js","FIREBASE_CONFIG":"{\"projectId\":\"robotic-arm-app\",\"storageBucket\":\"robotic-arm-app.appspot.com\"}","GCLOUD_PROJECT":"robotic-arm-app","EVENTARC_CLOUD_EVENT_SOURCE":"projects/robotic-arm-app/locations/us-west1/services/ssrroboticarmapp"},"maxInstanceCount":100,"ingressSettings":"ALLOW_ALL","uri":"https://ssrroboticarmapp-o2cg4sljmq-uw.a.run.app","serviceAccountEmail":"361605004961-compute@developer.gserviceaccount.com","availableMemory":"256Mi","allTrafficOnLatestRevision":true,"revision":"ssrroboticarmapp-00001-pic","maxInstanceRequestConcurrency":80,"availableCpu":"1"},"state":"ACTIVE","labels":{"firebase-functions-codebase":"firebase-frameworks-robotic-arm-app","firebase-functions-hash":"4fcc36974d0ea7991a8e40f298c7b4d9335a165a"},"environment":"GEN_2"},"stages":[{"name":"BUILD","message":"Creating build","state":"IN_PROGRESS","resource":"projects/361605004961/locations/us-west1/builds/913c22d1-d874-4fb6-bb1f-374058884961","resourceUri":"https://console.cloud.google.com/cloud-build/builds;region=us-west1/913c22d1-d874-4fb6-bb1f-374058884961?project=361605004961"},{"name":"SERVICE","state":"NOT_STARTED"}]},"done":false}
[debug] [2023-03-31T00:11:14.135Z] [update-firebase-frameworks-robotic-arm-app-us-west1-ssrroboticarmapp] Retrying task index 0
[debug] [2023-03-31T00:11:14.136Z] >>> [apiv2][query] GET https://cloudfunctions.googleapis.com/v2/projects/robotic-arm-app/locations/us-west1/operations/operation-1680221434112-5f82709b969ec-10a61fd2-b1872c0d [none]
[debug] [2023-03-31T00:11:14.587Z] <<< [apiv2][status] GET https://cloudfunctions.googleapis.com/v2/projects/robotic-arm-app/locations/us-west1/operations/operation-1680221434112-5f82709b969ec-10a61fd2-b1872c0d 200
[debug] [2023-03-31T00:11:14.587Z] <<< [apiv2][body] GET https://cloudfunctions.googleapis.com/v2/projects/robotic-arm-app/locations/us-west1/operations/operation-1680221434112-5f82709b969ec-10a61fd2-b1872c0d {"name":"projects/robotic-arm-app/locations/us-west1/operations/operation-1680221434112-5f82709b969ec-10a61fd2-b1872c0d","metadata":{"@type":"type.googleapis.com/google.cloud.functions.v2.OperationMetadata","createTime":"2023-03-31T00:10:34.953522350Z","target":"projects/robotic-arm-app/locations/us-west1/functions/ssrroboticarmapp","verb":"update","cancelRequested":false,"apiVersion":"v2","requestResource":{"@type":"type.googleapis.com/google.cloud.functions.v2.Function","name":"projects/robotic-arm-app/locations/us-west1/functions/ssrroboticarmapp","buildConfig":{"runtime":"nodejs16","entryPoint":"ssrroboticarmapp","source":{"storageSource":{"bucket":"gcf-v2-sources-361605004961-us-west1","object":"ssrroboticarmapp/function-source.zip"}},"sourceProvenance":{"resolvedStorageSource":{"bucket":"gcf-v2-sources-361605004961-us-west1","object":"ssrroboticarmapp/function-source.zip","generation":"1679880631247234"}}},"serviceConfig":{"service":"projects/robotic-arm-app/locations/us-west1/services/ssrroboticarmapp","timeoutSeconds":60,"environmentVariables":{"__FIREBASE_FRAMEWORKS_ENTRY__":"next.js","FIREBASE_CONFIG":"{\"projectId\":\"robotic-arm-app\",\"storageBucket\":\"robotic-arm-app.appspot.com\"}","GCLOUD_PROJECT":"robotic-arm-app","EVENTARC_CLOUD_EVENT_SOURCE":"projects/robotic-arm-app/locations/us-west1/services/ssrroboticarmapp"},"maxInstanceCount":100,"ingressSettings":"ALLOW_ALL","uri":"https://ssrroboticarmapp-o2cg4sljmq-uw.a.run.app","serviceAccountEmail":"361605004961-compute@developer.gserviceaccount.com","availableMemory":"256Mi","allTrafficOnLatestRevision":true,"revision":"ssrroboticarmapp-00001-pic","maxInstanceRequestConcurrency":80,"availableCpu":"1"},"state":"ACTIVE","labels":{"firebase-functions-codebase":"firebase-frameworks-robotic-arm-app","firebase-functions-hash":"4fcc36974d0ea7991a8e40f298c7b4d9335a165a"},"environment":"GEN_2"},"stages":[{"name":"BUILD","message":"Creating build","state":"IN_PROGRESS","resource":"projects/361605004961/locations/us-west1/builds/913c22d1-d874-4fb6-bb1f-374058884961","resourceUri":"https://console.cloud.google.com/cloud-build/builds;region=us-west1/913c22d1-d874-4fb6-bb1f-374058884961?project=361605004961"},{"name":"SERVICE","state":"NOT_STARTED"}]},"done":false}
[debug] [2023-03-31T00:11:24.595Z] [update-firebase-frameworks-robotic-arm-app-us-west1-ssrroboticarmapp] Retrying task index 0
[debug] [2023-03-31T00:11:24.595Z] >>> [apiv2][query] GET https://cloudfunctions.googleapis.com/v2/projects/robotic-arm-app/locations/us-west1/operations/operation-1680221434112-5f82709b969ec-10a61fd2-b1872c0d [none]
[debug] [2023-03-31T00:11:25.084Z] <<< [apiv2][status] GET https://cloudfunctions.googleapis.com/v2/projects/robotic-arm-app/locations/us-west1/operations/operation-1680221434112-5f82709b969ec-10a61fd2-b1872c0d 200
[debug] [2023-03-31T00:11:25.084Z] <<< [apiv2][body] GET https://cloudfunctions.googleapis.com/v2/projects/robotic-arm-app/locations/us-west1/operations/operation-1680221434112-5f82709b969ec-10a61fd2-b1872c0d {"name":"projects/robotic-arm-app/locations/us-west1/operations/operation-1680221434112-5f82709b969ec-10a61fd2-b1872c0d","metadata":{"@type":"type.googleapis.com/google.cloud.functions.v2.OperationMetadata","createTime":"2023-03-31T00:10:34.953522350Z","target":"projects/robotic-arm-app/locations/us-west1/functions/ssrroboticarmapp","verb":"update","cancelRequested":false,"apiVersion":"v2","requestResource":{"@type":"type.googleapis.com/google.cloud.functions.v2.Function","name":"projects/robotic-arm-app/locations/us-west1/functions/ssrroboticarmapp","buildConfig":{"runtime":"nodejs16","entryPoint":"ssrroboticarmapp","source":{"storageSource":{"bucket":"gcf-v2-sources-361605004961-us-west1","object":"ssrroboticarmapp/function-source.zip"}},"sourceProvenance":{"resolvedStorageSource":{"bucket":"gcf-v2-sources-361605004961-us-west1","object":"ssrroboticarmapp/function-source.zip","generation":"1679880631247234"}}},"serviceConfig":{"service":"projects/robotic-arm-app/locations/us-west1/services/ssrroboticarmapp","timeoutSeconds":60,"environmentVariables":{"__FIREBASE_FRAMEWORKS_ENTRY__":"next.js","FIREBASE_CONFIG":"{\"projectId\":\"robotic-arm-app\",\"storageBucket\":\"robotic-arm-app.appspot.com\"}","GCLOUD_PROJECT":"robotic-arm-app","EVENTARC_CLOUD_EVENT_SOURCE":"projects/robotic-arm-app/locations/us-west1/services/ssrroboticarmapp"},"maxInstanceCount":100,"ingressSettings":"ALLOW_ALL","uri":"https://ssrroboticarmapp-o2cg4sljmq-uw.a.run.app","serviceAccountEmail":"361605004961-compute@developer.gserviceaccount.com","availableMemory":"256Mi","allTrafficOnLatestRevision":true,"revision":"ssrroboticarmapp-00001-pic","maxInstanceRequestConcurrency":80,"availableCpu":"1"},"state":"ACTIVE","labels":{"firebase-functions-codebase":"firebase-frameworks-robotic-arm-app","firebase-functions-hash":"4fcc36974d0ea7991a8e40f298c7b4d9335a165a"},"environment":"GEN_2"},"stages":[{"name":"BUILD","message":"Creating build","state":"IN_PROGRESS","resource":"projects/361605004961/locations/us-west1/builds/913c22d1-d874-4fb6-bb1f-374058884961","resourceUri":"https://console.cloud.google.com/cloud-build/builds;region=us-west1/913c22d1-d874-4fb6-bb1f-374058884961?project=361605004961"},{"name":"SERVICE","state":"NOT_STARTED"}]},"done":false}
[debug] [2023-03-31T00:11:35.089Z] [update-firebase-frameworks-robotic-arm-app-us-west1-ssrroboticarmapp] Retrying task index 0
[debug] [2023-03-31T00:11:35.089Z] >>> [apiv2][query] GET https://cloudfunctions.googleapis.com/v2/projects/robotic-arm-app/locations/us-west1/operations/operation-1680221434112-5f82709b969ec-10a61fd2-b1872c0d [none]
[debug] [2023-03-31T00:11:35.548Z] <<< [apiv2][status] GET https://cloudfunctions.googleapis.com/v2/projects/robotic-arm-app/locations/us-west1/operations/operation-1680221434112-5f82709b969ec-10a61fd2-b1872c0d 200
[debug] [2023-03-31T00:11:35.548Z] <<< [apiv2][body] GET https://cloudfunctions.googleapis.com/v2/projects/robotic-arm-app/locations/us-west1/operations/operation-1680221434112-5f82709b969ec-10a61fd2-b1872c0d {"name":"projects/robotic-arm-app/locations/us-west1/operations/operation-1680221434112-5f82709b969ec-10a61fd2-b1872c0d","metadata":{"@type":"type.googleapis.com/google.cloud.functions.v2.OperationMetadata","createTime":"2023-03-31T00:10:34.953522350Z","target":"projects/robotic-arm-app/locations/us-west1/functions/ssrroboticarmapp","verb":"update","cancelRequested":false,"apiVersion":"v2","requestResource":{"@type":"type.googleapis.com/google.cloud.functions.v2.Function","name":"projects/robotic-arm-app/locations/us-west1/functions/ssrroboticarmapp","buildConfig":{"runtime":"nodejs16","entryPoint":"ssrroboticarmapp","source":{"storageSource":{"bucket":"gcf-v2-sources-361605004961-us-west1","object":"ssrroboticarmapp/function-source.zip"}},"sourceProvenance":{"resolvedStorageSource":{"bucket":"gcf-v2-sources-361605004961-us-west1","object":"ssrroboticarmapp/function-source.zip","generation":"1679880631247234"}}},"serviceConfig":{"service":"projects/robotic-arm-app/locations/us-west1/services/ssrroboticarmapp","timeoutSeconds":60,"environmentVariables":{"__FIREBASE_FRAMEWORKS_ENTRY__":"next.js","FIREBASE_CONFIG":"{\"projectId\":\"robotic-arm-app\",\"storageBucket\":\"robotic-arm-app.appspot.com\"}","GCLOUD_PROJECT":"robotic-arm-app","EVENTARC_CLOUD_EVENT_SOURCE":"projects/robotic-arm-app/locations/us-west1/services/ssrroboticarmapp"},"maxInstanceCount":100,"ingressSettings":"ALLOW_ALL","uri":"https://ssrroboticarmapp-o2cg4sljmq-uw.a.run.app","serviceAccountEmail":"361605004961-compute@developer.gserviceaccount.com","availableMemory":"256Mi","allTrafficOnLatestRevision":true,"revision":"ssrroboticarmapp-00001-pic","maxInstanceRequestConcurrency":80,"availableCpu":"1"},"state":"ACTIVE","labels":{"firebase-functions-codebase":"firebase-frameworks-robotic-arm-app","firebase-functions-hash":"4fcc36974d0ea7991a8e40f298c7b4d9335a165a"},"environment":"GEN_2"},"stages":[{"name":"BUILD","message":"Creating build","state":"IN_PROGRESS","resource":"projects/361605004961/locations/us-west1/builds/913c22d1-d874-4fb6-bb1f-374058884961","resourceUri":"https://console.cloud.google.com/cloud-build/builds;region=us-west1/913c22d1-d874-4fb6-bb1f-374058884961?project=361605004961"},{"name":"SERVICE","state":"NOT_STARTED"}]},"done":false}
[debug] [2023-03-31T00:11:45.552Z] [update-firebase-frameworks-robotic-arm-app-us-west1-ssrroboticarmapp] Retrying task index 0
[debug] [2023-03-31T00:11:45.553Z] >>> [apiv2][query] GET https://cloudfunctions.googleapis.com/v2/projects/robotic-arm-app/locations/us-west1/operations/operation-1680221434112-5f82709b969ec-10a61fd2-b1872c0d [none]
[debug] [2023-03-31T00:11:46.043Z] <<< [apiv2][status] GET https://cloudfunctions.googleapis.com/v2/projects/robotic-arm-app/locations/us-west1/operations/operation-1680221434112-5f82709b969ec-10a61fd2-b1872c0d 200
[debug] [2023-03-31T00:11:46.043Z] <<< [apiv2][body] GET https://cloudfunctions.googleapis.com/v2/projects/robotic-arm-app/locations/us-west1/operations/operation-1680221434112-5f82709b969ec-10a61fd2-b1872c0d {"name":"projects/robotic-arm-app/locations/us-west1/operations/operation-1680221434112-5f82709b969ec-10a61fd2-b1872c0d","metadata":{"@type":"type.googleapis.com/google.cloud.functions.v2.OperationMetadata","createTime":"2023-03-31T00:10:34.953522350Z","target":"projects/robotic-arm-app/locations/us-west1/functions/ssrroboticarmapp","verb":"update","cancelRequested":false,"apiVersion":"v2","requestResource":{"@type":"type.googleapis.com/google.cloud.functions.v2.Function","name":"projects/robotic-arm-app/locations/us-west1/functions/ssrroboticarmapp","buildConfig":{"runtime":"nodejs16","entryPoint":"ssrroboticarmapp","source":{"storageSource":{"bucket":"gcf-v2-sources-361605004961-us-west1","object":"ssrroboticarmapp/function-source.zip"}},"sourceProvenance":{"resolvedStorageSource":{"bucket":"gcf-v2-sources-361605004961-us-west1","object":"ssrroboticarmapp/function-source.zip","generation":"1679880631247234"}}},"serviceConfig":{"service":"projects/robotic-arm-app/locations/us-west1/services/ssrroboticarmapp","timeoutSeconds":60,"environmentVariables":{"__FIREBASE_FRAMEWORKS_ENTRY__":"next.js","FIREBASE_CONFIG":"{\"projectId\":\"robotic-arm-app\",\"storageBucket\":\"robotic-arm-app.appspot.com\"}","GCLOUD_PROJECT":"robotic-arm-app","EVENTARC_CLOUD_EVENT_SOURCE":"projects/robotic-arm-app/locations/us-west1/services/ssrroboticarmapp"},"maxInstanceCount":100,"ingressSettings":"ALLOW_ALL","uri":"https://ssrroboticarmapp-o2cg4sljmq-uw.a.run.app","serviceAccountEmail":"361605004961-compute@developer.gserviceaccount.com","availableMemory":"256Mi","allTrafficOnLatestRevision":true,"revision":"ssrroboticarmapp-00001-pic","maxInstanceRequestConcurrency":80,"availableCpu":"1"},"state":"ACTIVE","labels":{"firebase-functions-codebase":"firebase-frameworks-robotic-arm-app","firebase-functions-hash":"4fcc36974d0ea7991a8e40f298c7b4d9335a165a"},"environment":"GEN_2"},"stages":[{"name":"BUILD","message":"Creating build","state":"IN_PROGRESS","resource":"projects/361605004961/locations/us-west1/builds/913c22d1-d874-4fb6-bb1f-374058884961","resourceUri":"https://console.cloud.google.com/cloud-build/builds;region=us-west1/913c22d1-d874-4fb6-bb1f-374058884961?project=361605004961"},{"name":"SERVICE","state":"NOT_STARTED"}]},"done":false}
[debug] [2023-03-31T00:11:56.048Z] [update-firebase-frameworks-robotic-arm-app-us-west1-ssrroboticarmapp] Retrying task index 0
[debug] [2023-03-31T00:11:56.048Z] >>> [apiv2][query] GET https://cloudfunctions.googleapis.com/v2/projects/robotic-arm-app/locations/us-west1/operations/operation-1680221434112-5f82709b969ec-10a61fd2-b1872c0d [none]
[debug] [2023-03-31T00:11:56.520Z] <<< [apiv2][status] GET https://cloudfunctions.googleapis.com/v2/projects/robotic-arm-app/locations/us-west1/operations/operation-1680221434112-5f82709b969ec-10a61fd2-b1872c0d 200
[debug] [2023-03-31T00:11:56.520Z] <<< [apiv2][body] GET https://cloudfunctions.googleapis.com/v2/projects/robotic-arm-app/locations/us-west1/operations/operation-1680221434112-5f82709b969ec-10a61fd2-b1872c0d {"name":"projects/robotic-arm-app/locations/us-west1/operations/operation-1680221434112-5f82709b969ec-10a61fd2-b1872c0d","metadata":{"@type":"type.googleapis.com/google.cloud.functions.v2.OperationMetadata","createTime":"2023-03-31T00:10:34.953522350Z","target":"projects/robotic-arm-app/locations/us-west1/functions/ssrroboticarmapp","verb":"update","cancelRequested":false,"apiVersion":"v2","requestResource":{"@type":"type.googleapis.com/google.cloud.functions.v2.Function","name":"projects/robotic-arm-app/locations/us-west1/functions/ssrroboticarmapp","buildConfig":{"runtime":"nodejs16","entryPoint":"ssrroboticarmapp","source":{"storageSource":{"bucket":"gcf-v2-sources-361605004961-us-west1","object":"ssrroboticarmapp/function-source.zip"}},"sourceProvenance":{"resolvedStorageSource":{"bucket":"gcf-v2-sources-361605004961-us-west1","object":"ssrroboticarmapp/function-source.zip","generation":"1679880631247234"}}},"serviceConfig":{"service":"projects/robotic-arm-app/locations/us-west1/services/ssrroboticarmapp","timeoutSeconds":60,"environmentVariables":{"__FIREBASE_FRAMEWORKS_ENTRY__":"next.js","FIREBASE_CONFIG":"{\"projectId\":\"robotic-arm-app\",\"storageBucket\":\"robotic-arm-app.appspot.com\"}","GCLOUD_PROJECT":"robotic-arm-app","EVENTARC_CLOUD_EVENT_SOURCE":"projects/robotic-arm-app/locations/us-west1/services/ssrroboticarmapp"},"maxInstanceCount":100,"ingressSettings":"ALLOW_ALL","uri":"https://ssrroboticarmapp-o2cg4sljmq-uw.a.run.app","serviceAccountEmail":"361605004961-compute@developer.gserviceaccount.com","availableMemory":"256Mi","allTrafficOnLatestRevision":true,"revision":"ssrroboticarmapp-00001-pic","maxInstanceRequestConcurrency":80,"availableCpu":"1"},"state":"ACTIVE","labels":{"firebase-functions-codebase":"firebase-frameworks-robotic-arm-app","firebase-functions-hash":"4fcc36974d0ea7991a8e40f298c7b4d9335a165a"},"environment":"GEN_2"},"stages":[{"name":"BUILD","message":"Creating build","state":"IN_PROGRESS","resource":"projects/361605004961/locations/us-west1/builds/913c22d1-d874-4fb6-bb1f-374058884961","resourceUri":"https://console.cloud.google.com/cloud-build/builds;region=us-west1/913c22d1-d874-4fb6-bb1f-374058884961?project=361605004961"},{"name":"SERVICE","state":"NOT_STARTED"}]},"done":false}
[debug] [2023-03-31T00:12:06.521Z] [update-firebase-frameworks-robotic-arm-app-us-west1-ssrroboticarmapp] Retrying task index 0
[debug] [2023-03-31T00:12:06.522Z] >>> [apiv2][query] GET https://cloudfunctions.googleapis.com/v2/projects/robotic-arm-app/locations/us-west1/operations/operation-1680221434112-5f82709b969ec-10a61fd2-b1872c0d [none]
[debug] [2023-03-31T00:12:06.978Z] <<< [apiv2][status] GET https://cloudfunctions.googleapis.com/v2/projects/robotic-arm-app/locations/us-west1/operations/operation-1680221434112-5f82709b969ec-10a61fd2-b1872c0d 200
[debug] [2023-03-31T00:12:06.978Z] <<< [apiv2][body] GET https://cloudfunctions.googleapis.com/v2/projects/robotic-arm-app/locations/us-west1/operations/operation-1680221434112-5f82709b969ec-10a61fd2-b1872c0d {"name":"projects/robotic-arm-app/locations/us-west1/operations/operation-1680221434112-5f82709b969ec-10a61fd2-b1872c0d","metadata":{"@type":"type.googleapis.com/google.cloud.functions.v2.OperationMetadata","createTime":"2023-03-31T00:10:34.953522350Z","target":"projects/robotic-arm-app/locations/us-west1/functions/ssrroboticarmapp","verb":"update","cancelRequested":false,"apiVersion":"v2","requestResource":{"@type":"type.googleapis.com/google.cloud.functions.v2.Function","name":"projects/robotic-arm-app/locations/us-west1/functions/ssrroboticarmapp","buildConfig":{"runtime":"nodejs16","entryPoint":"ssrroboticarmapp","source":{"storageSource":{"bucket":"gcf-v2-sources-361605004961-us-west1","object":"ssrroboticarmapp/function-source.zip"}},"sourceProvenance":{"resolvedStorageSource":{"bucket":"gcf-v2-sources-361605004961-us-west1","object":"ssrroboticarmapp/function-source.zip","generation":"1679880631247234"}}},"serviceConfig":{"service":"projects/robotic-arm-app/locations/us-west1/services/ssrroboticarmapp","timeoutSeconds":60,"environmentVariables":{"__FIREBASE_FRAMEWORKS_ENTRY__":"next.js","FIREBASE_CONFIG":"{\"projectId\":\"robotic-arm-app\",\"storageBucket\":\"robotic-arm-app.appspot.com\"}","GCLOUD_PROJECT":"robotic-arm-app","EVENTARC_CLOUD_EVENT_SOURCE":"projects/robotic-arm-app/locations/us-west1/services/ssrroboticarmapp"},"maxInstanceCount":100,"ingressSettings":"ALLOW_ALL","uri":"https://ssrroboticarmapp-o2cg4sljmq-uw.a.run.app","serviceAccountEmail":"361605004961-compute@developer.gserviceaccount.com","availableMemory":"256Mi","allTrafficOnLatestRevision":true,"revision":"ssrroboticarmapp-00001-pic","maxInstanceRequestConcurrency":80,"availableCpu":"1"},"state":"ACTIVE","labels":{"firebase-functions-codebase":"firebase-frameworks-robotic-arm-app","firebase-functions-hash":"4fcc36974d0ea7991a8e40f298c7b4d9335a165a"},"environment":"GEN_2"},"stages":[{"name":"BUILD","message":"Creating build","state":"IN_PROGRESS","resource":"projects/361605004961/locations/us-west1/builds/913c22d1-d874-4fb6-bb1f-374058884961","resourceUri":"https://console.cloud.google.com/cloud-build/builds;region=us-west1/913c22d1-d874-4fb6-bb1f-374058884961?project=361605004961"},{"name":"SERVICE","state":"NOT_STARTED"}]},"done":false}
[debug] [2023-03-31T00:12:16.979Z] [update-firebase-frameworks-robotic-arm-app-us-west1-ssrroboticarmapp] Retrying task index 0
[debug] [2023-03-31T00:12:16.980Z] >>> [apiv2][query] GET https://cloudfunctions.googleapis.com/v2/projects/robotic-arm-app/locations/us-west1/operations/operation-1680221434112-5f82709b969ec-10a61fd2-b1872c0d [none]
[debug] [2023-03-31T00:12:17.492Z] <<< [apiv2][status] GET https://cloudfunctions.googleapis.com/v2/projects/robotic-arm-app/locations/us-west1/operations/operation-1680221434112-5f82709b969ec-10a61fd2-b1872c0d 200
[debug] [2023-03-31T00:12:17.492Z] <<< [apiv2][body] GET https://cloudfunctions.googleapis.com/v2/projects/robotic-arm-app/locations/us-west1/operations/operation-1680221434112-5f82709b969ec-10a61fd2-b1872c0d {"name":"projects/robotic-arm-app/locations/us-west1/operations/operation-1680221434112-5f82709b969ec-10a61fd2-b1872c0d","metadata":{"@type":"type.googleapis.com/google.cloud.functions.v2.OperationMetadata","createTime":"2023-03-31T00:10:34.953522350Z","target":"projects/robotic-arm-app/locations/us-west1/functions/ssrroboticarmapp","verb":"update","cancelRequested":false,"apiVersion":"v2","requestResource":{"@type":"type.googleapis.com/google.cloud.functions.v2.Function","name":"projects/robotic-arm-app/locations/us-west1/functions/ssrroboticarmapp","buildConfig":{"runtime":"nodejs16","entryPoint":"ssrroboticarmapp","source":{"storageSource":{"bucket":"gcf-v2-sources-361605004961-us-west1","object":"ssrroboticarmapp/function-source.zip"}},"sourceProvenance":{"resolvedStorageSource":{"bucket":"gcf-v2-sources-361605004961-us-west1","object":"ssrroboticarmapp/function-source.zip","generation":"1679880631247234"}}},"serviceConfig":{"service":"projects/robotic-arm-app/locations/us-west1/services/ssrroboticarmapp","timeoutSeconds":60,"environmentVariables":{"__FIREBASE_FRAMEWORKS_ENTRY__":"next.js","FIREBASE_CONFIG":"{\"projectId\":\"robotic-arm-app\",\"storageBucket\":\"robotic-arm-app.appspot.com\"}","GCLOUD_PROJECT":"robotic-arm-app","EVENTARC_CLOUD_EVENT_SOURCE":"projects/robotic-arm-app/locations/us-west1/services/ssrroboticarmapp"},"maxInstanceCount":100,"ingressSettings":"ALLOW_ALL","uri":"https://ssrroboticarmapp-o2cg4sljmq-uw.a.run.app","serviceAccountEmail":"361605004961-compute@developer.gserviceaccount.com","availableMemory":"256Mi","allTrafficOnLatestRevision":true,"revision":"ssrroboticarmapp-00001-pic","maxInstanceRequestConcurrency":80,"availableCpu":"1"},"state":"ACTIVE","labels":{"firebase-functions-codebase":"firebase-frameworks-robotic-arm-app","firebase-functions-hash":"4fcc36974d0ea7991a8e40f298c7b4d9335a165a"},"environment":"GEN_2"},"stages":[{"name":"BUILD","message":"Creating build","state":"IN_PROGRESS","resource":"projects/361605004961/locations/us-west1/builds/913c22d1-d874-4fb6-bb1f-374058884961","resourceUri":"https://console.cloud.google.com/cloud-build/builds;region=us-west1/913c22d1-d874-4fb6-bb1f-374058884961?project=361605004961"},{"name":"SERVICE","state":"NOT_STARTED"}]},"done":false}
